<?xml version="1.0" encoding="UTF-8"?>
<testsuite name="com.example.testingweb.SmokeTest" tests="1" skipped="0" failures="0" errors="0" timestamp="2023-05-22T01:35:15" hostname="DESKTOP-65HTJ4E" time="0.012">
  <properties/>
  <testcase name="contextLoads()" classname="com.example.testingweb.SmokeTest" time="0.012"/>
  <system-out><![CDATA[2023-05-21 21:35:14.094  INFO 13432 --- [    Test worker] .b.t.c.SpringBootTestContextBootstrapper : Neither @ContextConfiguration nor @ContextHierarchy found for test class [com.example.testingweb.SmokeTest], using SpringBootContextLoader
2023-05-21 21:35:14.097  INFO 13432 --- [    Test worker] o.s.t.c.support.AbstractContextLoader    : Could not detect default resource locations for test class [com.example.testingweb.SmokeTest]: no resource found for suffixes {-context.xml, Context.groovy}.
2023-05-21 21:35:14.098  INFO 13432 --- [    Test worker] t.c.s.AnnotationConfigContextLoaderUtils : Could not detect default configuration classes for test class [com.example.testingweb.SmokeTest]: SmokeTest does not declare any static, non-private, non-final, nested classes annotated with @Configuration.
2023-05-21 21:35:14.103  INFO 13432 --- [    Test worker] .b.t.c.SpringBootTestContextBootstrapper : Found @SpringBootConfiguration com.example.testingweb.TestingWebApplication for test class com.example.testingweb.SmokeTest
2023-05-21 21:35:14.108  INFO 13432 --- [    Test worker] .b.t.c.SpringBootTestContextBootstrapper : Loaded default TestExecutionListener class names from location [META-INF/spring.factories]: [org.springframework.boot.test.autoconfigure.restdocs.RestDocsTestExecutionListener, org.springframework.boot.test.autoconfigure.web.client.MockRestServiceServerResetTestExecutionListener, org.springframework.boot.test.autoconfigure.web.servlet.MockMvcPrintOnlyOnFailureTestExecutionListener, org.springframework.boot.test.autoconfigure.web.servlet.WebDriverTestExecutionListener, org.springframework.boot.test.autoconfigure.webservices.client.MockWebServiceServerTestExecutionListener, org.springframework.boot.test.mock.mockito.MockitoTestExecutionListener, org.springframework.boot.test.mock.mockito.ResetMocksTestExecutionListener, org.springframework.test.context.web.ServletTestExecutionListener, org.springframework.test.context.support.DirtiesContextBeforeModesTestExecutionListener, org.springframework.test.context.event.ApplicationEventsTestExecutionListener, org.springframework.test.context.support.DependencyInjectionTestExecutionListener, org.springframework.test.context.support.DirtiesContextTestExecutionListener, org.springframework.test.context.transaction.TransactionalTestExecutionListener, org.springframework.test.context.jdbc.SqlScriptsTestExecutionListener, org.springframework.test.context.event.EventPublishingTestExecutionListener]
2023-05-21 21:35:14.111  INFO 13432 --- [    Test worker] .b.t.c.SpringBootTestContextBootstrapper : Using TestExecutionListeners: [org.springframework.test.context.web.ServletTestExecutionListener@7c54332, org.springframework.test.context.support.DirtiesContextBeforeModesTestExecutionListener@17bf1045, org.springframework.test.context.event.ApplicationEventsTestExecutionListener@534817ac, org.springframework.boot.test.mock.mockito.MockitoTestExecutionListener@656fa77b, org.springframework.boot.test.autoconfigure.SpringBootDependencyInjectionTestExecutionListener@489ea437, org.springframework.test.context.support.DirtiesContextTestExecutionListener@27cca859, org.springframework.test.context.event.EventPublishingTestExecutionListener@342a2e7b, org.springframework.boot.test.autoconfigure.restdocs.RestDocsTestExecutionListener@2c6603fa, org.springframework.boot.test.autoconfigure.web.client.MockRestServiceServerResetTestExecutionListener@1164a55d, org.springframework.boot.test.autoconfigure.web.servlet.MockMvcPrintOnlyOnFailureTestExecutionListener@53a85948, org.springframework.boot.test.autoconfigure.web.servlet.WebDriverTestExecutionListener@3694ecb0, org.springframework.boot.test.autoconfigure.webservices.client.MockWebServiceServerTestExecutionListener@2af1504b, org.springframework.boot.test.mock.mockito.ResetMocksTestExecutionListener@1e0b4605]

  .   ____          _            __ _ _
 /\\ / ___'_ __ _ _(_)_ __  __ _ \ \ \ \
( ( )\___ | '_ | '_| | '_ \/ _` | \ \ \ \
 \\/  ___)| |_)| | | | | || (_| |  ) ) ) )
  '  |____| .__|_| |_|_| |_\__, | / / / /
 =========|_|==============|___/=/_/_/_/
 :: Spring Boot ::                (v2.6.3)

2023-05-21 21:35:14.203  INFO 13432 --- [    Test worker] com.example.testingweb.SmokeTest         : Starting SmokeTest using Java 11.0.19 on DESKTOP-65HTJ4E with PID 13432 (started by pau_a in C:\Users\pau_a\Desktop\Usach\microservicio-spring)
2023-05-21 21:35:14.204  INFO 13432 --- [    Test worker] com.example.testingweb.SmokeTest         : No active profile set, falling back to default profiles: default
2023-05-21 21:35:15.265  INFO 13432 --- [    Test worker] com.example.testingweb.SmokeTest         : Started SmokeTest in 1.136 seconds (JVM running for 15.751)
]]></system-out>
  <system-err><![CDATA[]]></system-err>
</testsuite>
